Arguments: 
  /home/jasoons/.fnm/node-versions/v18.14.0/installation/bin/node /run/user/1000/fnm_multishells/284489_1680636853455/bin/yarn

PATH: 
  /home/jasoons/.local/bin:/run/user/1000/fnm_multishells/284489_1680636853455/bin:/home/jasoons/.fnm:/home/jasoons/bin:/home/jasoons/go/bin:/bin:/snap/bin:/home/jasoons/.local/bin:/run/user/1000/fnm_multishells/170980_1680600391935/bin:/home/jasoons/.fnm:/home/jasoons/bin:/home/jasoons/go/bin:/bin:/snap/bin:/usr/local/bin:/usr/local/sbin:/home/jasoons/.cargo/bin:/bin:/usr/bin:/home/jasoons/.local/bin:/home/jasoons/.fzf/bin:/home/jasoons/.foundry/bin:/home/jasoons/.local/bin:/home/jasoons/.foundry/bin:/home/jasoons/.local/bin

Yarn version: 
  1.22.19

Node version: 
  18.14.0

Platform: 
  linux x64

Trace: 
  Error: ENOENT: no such file or directory, copyfile '/home/jasoons/.cache/yarn/v6/npm-camelcase-7.0.1-f02e50af9fd7782bc8b88a3558c32fd3a388f048-integrity/node_modules/camelcase/index.d.ts' -> '/home/jasoons/Documents/code/float/indexer2/indexer/scenarios/gravitar/generated/node_modules/drizzle-kit/node_modules/camelcase/index.d.ts'

npm manifest: 
  {
    "name": "generated",
    "version": "0.1.0",
    "scripts": {
      "clean": "rescript clean -with-deps",
      "build": "rescript build -with-deps",
      "watch": "rescript build -with-deps -w",
      "test-demo": "node --watch ./src/tests/Test.bs.js",
      "test": "jest",
      "bench": "jest --projects ./jest-bench.config.json",
      "db-migrate": "drizzle-kit generate:pg --out migrations-folder --schema src/DbSchema.bs.js"
    },
    "keywords": [
      "ReScript"
    ],
    "author": "",
    "license": "MIT",
    "devDependencies": {
      "drizzle-kit": "^0.17.1",
      "rescript": "^10.1.2"
    },
    "dependencies": {
      "@glennsl/rescript-jest": "^0.9.2",
      "@ryyppy/rescript-promise": "^2.1.0",
      "@swc/core": "^1.3.42",
      "@swc/jest": "^0.2.24",
      "drizzle-orm": "^0.23.2",
      "async": "^3.2.4",
      "ethers": "^6",
      "jest": "^29.5.0",
      "jest-bench": "^29.4.1",
      "rescript-nodejs": "^14.3.1",
      "pg": "^8.10.0"
    }
  }

yarn manifest: 
  No manifest

Lockfile: 
  No lockfile
